This is pdfTeX, Version 3.14159265-2.6-1.40.15 (TeX Live 2014) (preloaded format=pdflatex 2014.5.25)  16 SEP 2014 16:20
entering extended mode
 restricted \write18 enabled.
 file:line:error style messages enabled.
 %&-line parsing enabled.
**ps2.tex
(./ps2.tex
LaTeX2e <2014/05/01>
Babel <3.9k> and hyphenation patterns for 78 languages loaded.
(/usr/local/texlive/2014/texmf-dist/tex/latex/base/article.cls
Document Class: article 2007/10/19 v1.4h Standard LaTeX document class
(/usr/local/texlive/2014/texmf-dist/tex/latex/base/size11.clo
File: size11.clo 2007/10/19 v1.4h Standard LaTeX file (size option)
)
\c@part=\count79
\c@section=\count80
\c@subsection=\count81
\c@subsubsection=\count82
\c@paragraph=\count83
\c@subparagraph=\count84
\c@figure=\count85
\c@table=\count86
\abovecaptionskip=\skip41
\belowcaptionskip=\skip42
\bibindent=\dimen102
)
(/usr/local/texlive/2014/texmf-dist/tex/latex/amsfonts/amsfonts.sty
Package: amsfonts 2013/01/14 v3.01 Basic AMSFonts support
\@emptytoks=\toks14
\symAMSa=\mathgroup4
\symAMSb=\mathgroup5
LaTeX Font Info:    Overwriting math alphabet `\mathfrak' in version `bold'
(Font)                  U/euf/m/n --> U/euf/b/n on input line 106.
)
(/usr/local/texlive/2014/texmf-dist/tex/latex/base/latexsym.sty
Package: latexsym 1998/08/17 v2.2e Standard LaTeX package (lasy symbols)
\symlasy=\mathgroup6
LaTeX Font Info:    Overwriting symbol font `lasy' in version `bold'
(Font)                  U/lasy/m/n --> U/lasy/b/n on input line 47.
) (./qtree.sty
Package: 2008/12/12 v.3.1bQtree: tree-drawing for linguistics
Package: qtree 2008/12/12 v.3.1bQtree: tree-drawing for linguistics
(/usr/local/texlive/2014/texmf-dist/tex/latex/pict2e/pict2e.sty
Package: pict2e 2014/01/12 v0.2z Improved picture commands (HjG,RN,JT)

(/usr/local/texlive/2014/texmf-dist/tex/latex/pict2e/pict2e.cfg
File: pict2e.cfg 2011/04/05 v0.1t pict2e configuration for teTeX/TeXLive
)
Package pict2e Info: Driver file: pdftex.def on input line 119.

(/usr/local/texlive/2014/texmf-dist/tex/latex/pdftex-def/pdftex.def
File: pdftex.def 2011/05/27 v0.06d Graphics/color for pdfTeX

(/usr/local/texlive/2014/texmf-dist/tex/generic/oberdiek/infwarerr.sty
Package: infwarerr 2010/04/08 v1.3 Providing info/warning/error messages (HO)
)
(/usr/local/texlive/2014/texmf-dist/tex/generic/oberdiek/ltxcmds.sty
Package: ltxcmds 2011/11/09 v1.22 LaTeX kernel commands for general use (HO)
)
\Gread@gobject=\count87
)
Package pict2e Info: Driver file for pict2e: p2e-pdftex.def on input line 121.

(/usr/local/texlive/2014/texmf-dist/tex/latex/pict2e/p2e-pdftex.def
File: p2e-pdftex.def 2011/04/05 v0.1t Driver-dependant file (RN,HjG,JT)
)
(/usr/local/texlive/2014/texmf-dist/tex/latex/graphics/trig.sty
Package: trig 1999/03/16 v1.09 sin cos tan (DPC)
)
\pIIe@GRAPH=\toks15
\@arclen=\dimen103
\@arcrad=\dimen104
\@tempdimd=\dimen105
)
\c@treecount=\count88
\c@branchcount=\count89
\parentbox=\box26
\treebox=\box27
\treeboxone=\box28
\treeboxtwo=\box29
\treeboxthree=\box30
\treeboxfour=\box31
\treeboxfive=\box32
\treeboxsix=\box33
\treeboxseven=\box34
\treeboxeight=\box35
\treeboxnine=\box36
\treeboxten=\box37
\treeboxeleven=\box38
\treeboxtwelve=\box39
\treeboxthirteen=\box40
\treeboxfourteen=\box41
\treeboxfifteen=\box42
\treeboxsixteen=\box43
\treeboxseventeen=\box44
\treeboxeighteen=\box45
\treeboxnineteen=\box46
\treeboxtwenty=\box47
\treeoffsetone=\skip43
\treeoffsettwo=\skip44
\treeoffsetthree=\skip45
\treeoffsetfour=\skip46
\treeoffsetfive=\skip47
\treeoffsetsix=\skip48
\treeoffsetseven=\skip49
\treeoffseteight=\skip50
\treeoffsetnine=\skip51
\treeoffsetten=\skip52
\treeoffseteleven=\skip53
\treeoffsettwelve=\skip54
\treeoffsetthirteen=\skip55
\treeoffsetfourteen=\skip56
\treeoffsetfifteen=\skip57
\treeoffsetsixteen=\skip58
\treeoffsetseventeen=\skip59
\treeoffseteighteen=\skip60
\treeoffsetnineteen=\skip61
\treeoffsettwenty=\skip62
\treeshiftone=\skip63
\treeshifttwo=\skip64
\treeshiftthree=\skip65
\treeshiftfour=\skip66
\treeshiftfive=\skip67
\treeshiftsix=\skip68
\treeshiftseven=\skip69
\treeshifteight=\skip70
\treeshiftnine=\skip71
\treeshiftten=\skip72
\treeshifteleven=\skip73
\treeshifttwelve=\skip74
\treeshiftthirteen=\skip75
\treeshiftfourteen=\skip76
\treeshiftfifteen=\skip77
\treeshiftsixteen=\skip78
\treeshiftseventeen=\skip79
\treeshifteighteen=\skip80
\treeshiftnineteen=\skip81
\treeshifttwenty=\skip82
\treewidthone=\skip83
\treewidthtwo=\skip84
\treewidththree=\skip85
\treewidthfour=\skip86
\treewidthfive=\skip87
\treewidthsix=\skip88
\treewidthseven=\skip89
\treewidtheight=\skip90
\treewidthnine=\skip91
\treewidthten=\skip92
\treewidtheleven=\skip93
\treewidthtwelve=\skip94
\treewidththirteen=\skip95
\treewidthfourteen=\skip96
\treewidthfifteen=\skip97
\treewidthsixteen=\skip98
\treewidthseventeen=\skip99
\treewidtheighteen=\skip100
\treewidthnineteen=\skip101
\treewidthtwenty=\skip102
\daughteroffsetone=\skip103
\daughteroffsettwo=\skip104
\daughteroffsetthree=\skip105
\daughteroffsetfour=\skip106
\branchwidthone=\skip107
\branchwidthtwo=\skip108
\branchwidththree=\skip109
\branchwidthfour=\skip110
\parentoffset=\skip111
\treeoffset=\skip112
\daughteroffset=\skip113
\branchwidth=\skip114
\parentwidth=\skip115
\treewidth=\skip116
\qta=\toks16
\qtb=\toks17
\nbranches=\count90
\qroofx=\count91
\qroofy=\count92
\@qrscratchbox=\box48
)
\c@pppp=\count93
 (./ps2.aux)
\openout1 = `ps2.aux'.

LaTeX Font Info:    Checking defaults for OML/cmm/m/it on input line 128.
LaTeX Font Info:    ... okay on input line 128.
LaTeX Font Info:    Checking defaults for T1/cmr/m/n on input line 128.
LaTeX Font Info:    ... okay on input line 128.
LaTeX Font Info:    Checking defaults for OT1/cmr/m/n on input line 128.
LaTeX Font Info:    ... okay on input line 128.
LaTeX Font Info:    Checking defaults for OMS/cmsy/m/n on input line 128.
LaTeX Font Info:    ... okay on input line 128.
LaTeX Font Info:    Checking defaults for OMX/cmex/m/n on input line 128.
LaTeX Font Info:    ... okay on input line 128.
LaTeX Font Info:    Checking defaults for U/cmr/m/n on input line 128.
LaTeX Font Info:    ... okay on input line 128.

(/usr/local/texlive/2014/texmf-dist/tex/context/base/supp-pdf.mkii
[Loading MPS to PDF converter (version 2006.09.02).]
\scratchcounter=\count94
\scratchdimen=\dimen106
\scratchbox=\box49
\nofMPsegments=\count95
\nofMParguments=\count96
\everyMPshowfont=\toks18
\MPscratchCnt=\count97
\MPscratchDim=\dimen107
\MPnumerator=\count98
\makeMPintoPDFobject=\count99
\everyMPtoPDFconversion=\toks19
)
LaTeX Font Info:    Try loading font information for U+msa on input line 151.
 (/usr/local/texlive/2014/texmf-dist/tex/latex/amsfonts/umsa.fd
File: umsa.fd 2013/01/14 v3.01 AMS symbols A
)
LaTeX Font Info:    Try loading font information for U+msb on input line 151.

(/usr/local/texlive/2014/texmf-dist/tex/latex/amsfonts/umsb.fd
File: umsb.fd 2013/01/14 v3.01 AMS symbols B
)
LaTeX Font Info:    Try loading font information for U+lasy on input line 151.

(/usr/local/texlive/2014/texmf-dist/tex/latex/base/ulasy.fd
File: ulasy.fd 1998/08/17 v2.2e LaTeX symbol font definitions
)
LaTeX Font Info:    Try loading font information for OMS+cmr on input line 158.


(/usr/local/texlive/2014/texmf-dist/tex/latex/base/omscmr.fd
File: omscmr.fd 1999/05/25 v2.5h Standard LaTeX font definitions
)
LaTeX Font Info:    Font shape `OMS/cmr/m/n' in size <10.95> not available
(Font)              Font shape `OMS/cmsy/m/n' tried instead on input line 158.

Underfull \hbox (badness 10000) in paragraph at lines 157--167

 []


Underfull \hbox (badness 10000) in paragraph at lines 157--167

 []


Underfull \hbox (badness 10000) in paragraph at lines 169--177

 []


Underfull \hbox (badness 10000) in paragraph at lines 190--194

 []

[1

{/usr/local/texlive/2014/texmf-var/fonts/map/pdftex/updmap/pdftex.map}]
Underfull \hbox (badness 10000) in paragraph at lines 195--247

 []


Underfull \hbox (badness 10000) in paragraph at lines 195--247

 []


Underfull \hbox (badness 10000) in paragraph at lines 195--247

 []

[2] [3]
Underfull \hbox (badness 10000) in paragraph at lines 294--296

 []


Underfull \hbox (badness 10000) in paragraph at lines 296--298

 []

[1] [2] [1]
Underfull \hbox (badness 10000) in paragraph at lines 385--393

 []


Underfull \hbox (badness 10000) in paragraph at lines 401--403

 []


Underfull \hbox (badness 10000) in paragraph at lines 419--430

 []


Underfull \hbox (badness 10000) in paragraph at lines 419--430

 []


Underfull \hbox (badness 10000) in paragraph at lines 419--430

 []


Underfull \hbox (badness 10000) in paragraph at lines 419--430

 []


Underfull \hbox (badness 10000) in paragraph at lines 419--430

 []


Underfull \hbox (badness 10000) in paragraph at lines 419--430

 []

[2]
Underfull \hbox (badness 10000) in paragraph at lines 452--454

 []

[3] [4]
Underfull \hbox (badness 10000) in paragraph at lines 519--521

 []

[1]
Underfull \hbox (badness 10000) in paragraph at lines 537--539

 []


Underfull \hbox (badness 10000) in paragraph at lines 541--543

 []


Underfull \hbox (badness 10000) in paragraph at lines 544--546

 []


Underfull \hbox (badness 10000) in paragraph at lines 560--562

 []


Underfull \hbox (badness 10000) in paragraph at lines 564--566

 []


Underfull \hbox (badness 10000) in paragraph at lines 571--572

 []

[2] [3] (./ps2.aux) ) 
Here is how much of TeX's memory you used:
 1443 strings out of 493117
 18684 string characters out of 6135433
 86048 words of memory out of 5000000
 4921 multiletter control sequences out of 15000+600000
 9859 words of font info for 39 fonts, out of 8000000 for 9000
 1141 hyphenation exceptions out of 8191
 27i,7n,24p,382b,377s stack positions out of 5000i,500n,10000p,200000b,80000s
</usr/local/texlive/2014/texmf-dist/fonts/type1/public/ams
fonts/cm/cmbx10.pfb></usr/local/texlive/2014/texmf-dist/fonts/type1/public/amsf
onts/cm/cmcsc10.pfb></usr/local/texlive/2014/texmf-dist/fonts/type1/public/amsf
onts/cm/cmmi10.pfb></usr/local/texlive/2014/texmf-dist/fonts/type1/public/amsfo
nts/cm/cmmi6.pfb></usr/local/texlive/2014/texmf-dist/fonts/type1/public/amsfont
s/cm/cmmi8.pfb></usr/local/texlive/2014/texmf-dist/fonts/type1/public/amsfonts/
cm/cmr10.pfb></usr/local/texlive/2014/texmf-dist/fonts/type1/public/amsfonts/cm
/cmr12.pfb></usr/local/texlive/2014/texmf-dist/fonts/type1/public/amsfonts/cm/c
mr6.pfb></usr/local/texlive/2014/texmf-dist/fonts/type1/public/amsfonts/cm/cmr8
.pfb></usr/local/texlive/2014/texmf-dist/fonts/type1/public/amsfonts/cm/cmsy10.
pfb></usr/local/texlive/2014/texmf-dist/fonts/type1/public/amsfonts/cm/cmsy8.pf
b></usr/local/texlive/2014/texmf-dist/fonts/type1/public/amsfonts/cm/cmti10.pfb
>
Output written on ps2.pdf (12 pages, 161381 bytes).
PDF statistics:
 91 PDF objects out of 1000 (max. 8388607)
 64 compressed objects within 1 object stream
 0 named destinations out of 1000 (max. 500000)
 1 words of extra memory for PDF output out of 10000 (max. 10000000)

