This is pdfTeX, Version 3.14159265-2.6-1.40.15 (TeX Live 2014) (preloaded format=pdflatex 2014.5.25)  20 SEP 2014 04:41
entering extended mode
 restricted \write18 enabled.
 file:line:error style messages enabled.
 %&-line parsing enabled.
**ps3.tex
(./ps3.tex
LaTeX2e <2014/05/01>
Babel <3.9k> and hyphenation patterns for 78 languages loaded.
(/usr/local/texlive/2014/texmf-dist/tex/latex/base/article.cls
Document Class: article 2007/10/19 v1.4h Standard LaTeX document class
(/usr/local/texlive/2014/texmf-dist/tex/latex/base/size11.clo
File: size11.clo 2007/10/19 v1.4h Standard LaTeX file (size option)
)
\c@part=\count79
\c@section=\count80
\c@subsection=\count81
\c@subsubsection=\count82
\c@paragraph=\count83
\c@subparagraph=\count84
\c@figure=\count85
\c@table=\count86
\abovecaptionskip=\skip41
\belowcaptionskip=\skip42
\bibindent=\dimen102
)
(/usr/local/texlive/2014/texmf-dist/tex/latex/amsfonts/amsfonts.sty
Package: amsfonts 2013/01/14 v3.01 Basic AMSFonts support
\@emptytoks=\toks14
\symAMSa=\mathgroup4
\symAMSb=\mathgroup5
LaTeX Font Info:    Overwriting math alphabet `\mathfrak' in version `bold'
(Font)                  U/euf/m/n --> U/euf/b/n on input line 106.
)
(/usr/local/texlive/2014/texmf-dist/tex/latex/amsmath/amsmath.sty
Package: amsmath 2013/01/14 v2.14 AMS math features
\@mathmargin=\skip43

For additional information on amsmath, use the `?' option.
(/usr/local/texlive/2014/texmf-dist/tex/latex/amsmath/amstext.sty
Package: amstext 2000/06/29 v2.01

(/usr/local/texlive/2014/texmf-dist/tex/latex/amsmath/amsgen.sty
File: amsgen.sty 1999/11/30 v2.0
\@emptytoks=\toks15
\ex@=\dimen103
))
(/usr/local/texlive/2014/texmf-dist/tex/latex/amsmath/amsbsy.sty
Package: amsbsy 1999/11/29 v1.2d
\pmbraise@=\dimen104
)
(/usr/local/texlive/2014/texmf-dist/tex/latex/amsmath/amsopn.sty
Package: amsopn 1999/12/14 v2.01 operator names
)
\inf@bad=\count87
LaTeX Info: Redefining \frac on input line 210.
\uproot@=\count88
\leftroot@=\count89
LaTeX Info: Redefining \overline on input line 306.
\classnum@=\count90
\DOTSCASE@=\count91
LaTeX Info: Redefining \ldots on input line 378.
LaTeX Info: Redefining \dots on input line 381.
LaTeX Info: Redefining \cdots on input line 466.
\Mathstrutbox@=\box26
\strutbox@=\box27
\big@size=\dimen105
LaTeX Font Info:    Redeclaring font encoding OML on input line 566.
LaTeX Font Info:    Redeclaring font encoding OMS on input line 567.
\macc@depth=\count92
\c@MaxMatrixCols=\count93
\dotsspace@=\muskip10
\c@parentequation=\count94
\dspbrk@lvl=\count95
\tag@help=\toks16
\row@=\count96
\column@=\count97
\maxfields@=\count98
\andhelp@=\toks17
\eqnshift@=\dimen106
\alignsep@=\dimen107
\tagshift@=\dimen108
\tagwidth@=\dimen109
\totwidth@=\dimen110
\lineht@=\dimen111
\@envbody=\toks18
\multlinegap=\skip44
\multlinetaggap=\skip45
\mathdisplay@stack=\toks19
LaTeX Info: Redefining \[ on input line 2665.
LaTeX Info: Redefining \] on input line 2666.
)
(/usr/local/texlive/2014/texmf-dist/tex/latex/amscls/amsthm.sty
Package: amsthm 2004/08/06 v2.20
\thm@style=\toks20
\thm@bodyfont=\toks21
\thm@headfont=\toks22
\thm@notefont=\toks23
\thm@headpunct=\toks24
\thm@preskip=\skip46
\thm@postskip=\skip47
\thm@headsep=\skip48
\dth@everypar=\toks25
)
(/usr/local/texlive/2014/texmf-dist/tex/latex/amsfonts/amssymb.sty
Package: amssymb 2013/01/14 v3.01 AMS font symbols
)
(/usr/local/texlive/2014/texmf-dist/tex/latex/base/latexsym.sty
Package: latexsym 1998/08/17 v2.2e Standard LaTeX package (lasy symbols)
\symlasy=\mathgroup6
LaTeX Font Info:    Overwriting symbol font `lasy' in version `bold'
(Font)                  U/lasy/m/n --> U/lasy/b/n on input line 47.
)
\c@pppp=\count99
 (./ps3.aux)
\openout1 = `ps3.aux'.

LaTeX Font Info:    Checking defaults for OML/cmm/m/it on input line 128.
LaTeX Font Info:    ... okay on input line 128.
LaTeX Font Info:    Checking defaults for T1/cmr/m/n on input line 128.
LaTeX Font Info:    ... okay on input line 128.
LaTeX Font Info:    Checking defaults for OT1/cmr/m/n on input line 128.
LaTeX Font Info:    ... okay on input line 128.
LaTeX Font Info:    Checking defaults for OMS/cmsy/m/n on input line 128.
LaTeX Font Info:    ... okay on input line 128.
LaTeX Font Info:    Checking defaults for OMX/cmex/m/n on input line 128.
LaTeX Font Info:    ... okay on input line 128.
LaTeX Font Info:    Checking defaults for U/cmr/m/n on input line 128.
LaTeX Font Info:    ... okay on input line 128.
LaTeX Font Info:    Try loading font information for U+msa on input line 148.

(/usr/local/texlive/2014/texmf-dist/tex/latex/amsfonts/umsa.fd
File: umsa.fd 2013/01/14 v3.01 AMS symbols A
)
LaTeX Font Info:    Try loading font information for U+msb on input line 148.

(/usr/local/texlive/2014/texmf-dist/tex/latex/amsfonts/umsb.fd
File: umsb.fd 2013/01/14 v3.01 AMS symbols B
)
LaTeX Font Info:    Try loading font information for U+lasy on input line 148.

(/usr/local/texlive/2014/texmf-dist/tex/latex/base/ulasy.fd
File: ulasy.fd 1998/08/17 v2.2e LaTeX symbol font definitions
)
Underfull \hbox (badness 10000) in paragraph at lines 177--179

 []

[1

{/usr/local/texlive/2014/texmf-var/fonts/map/pdftex/updmap/pdftex.map}]
LaTeX Font Info:    Try loading font information for OMS+cmr on input line 200.


(/usr/local/texlive/2014/texmf-dist/tex/latex/base/omscmr.fd
File: omscmr.fd 1999/05/25 v2.5h Standard LaTeX font definitions
)
LaTeX Font Info:    Font shape `OMS/cmr/m/n' in size <10.95> not available
(Font)              Font shape `OMS/cmsy/m/n' tried instead on input line 200.

Underfull \hbox (badness 10000) in paragraph at lines 197--214

 []


Underfull \hbox (badness 10000) in paragraph at lines 197--214

 []


Underfull \hbox (badness 10000) in paragraph at lines 215--224

 []


Underfull \hbox (badness 10000) in paragraph at lines 236--250

 []


Underfull \hbox (badness 10000) in paragraph at lines 236--250

 []


Underfull \hbox (badness 10000) in paragraph at lines 236--250

 []


Underfull \hbox (badness 10000) in paragraph at lines 236--250

 []

[2]
Underfull \hbox (badness 10000) in paragraph at lines 251--297

 []


Underfull \hbox (badness 10000) in paragraph at lines 251--297

 []


Underfull \hbox (badness 10000) in paragraph at lines 251--297

 []


Underfull \hbox (badness 10000) in paragraph at lines 251--297

 []


Underfull \hbox (badness 10000) in paragraph at lines 251--297

 []

[3]
Overfull \hbox (10.76122pt too wide) in paragraph at lines 321--324
\OT1/cmr/m/n/10.95 one-by-one. As-sum-ing each $\OML/cmm/m/it/10.95 F[]$ \OT1/c
mr/m/n/10.95 takes $^^B(\OML/cmm/m/it/10.95 i\OT1/cmr/m/n/10.95 )$ bits to rep-
re-sent, and that in-te-ger ad-di-tion/subtraction
 []

[4]
Underfull \hbox (badness 10000) in paragraph at lines 360--366

 []


Underfull \hbox (badness 10000) in paragraph at lines 367--374

 []

[1]
Underfull \hbox (badness 10000) in paragraph at lines 416--434

 []


Underfull \hbox (badness 10000) in paragraph at lines 416--434

 []

[2]
Underfull \hbox (badness 10000) in paragraph at lines 435--451

 []


Underfull \hbox (badness 10000) in paragraph at lines 452--453

 []


Underfull \hbox (badness 10000) in paragraph at lines 454--455

 []


Underfull \hbox (badness 10000) in paragraph at lines 456--460

 []


Underfull \hbox (badness 10000) in paragraph at lines 461--463

 []

[3]
Underfull \hbox (badness 10000) in paragraph at lines 478--484

 []


Underfull \hbox (badness 10000) in paragraph at lines 485--493

 []


Underfull \hbox (badness 10000) in paragraph at lines 494--508

 []


Underfull \hbox (badness 10000) in paragraph at lines 509--521

 []

[1] [2]
Underfull \hbox (badness 10000) in paragraph at lines 535--545

 []


Underfull \hbox (badness 10000) in paragraph at lines 535--545

 []


Underfull \hbox (badness 10000) in paragraph at lines 546--552

 []


Underfull \hbox (badness 10000) in paragraph at lines 546--552

 []


Underfull \hbox (badness 10000) in paragraph at lines 553--559

 []


Underfull \hbox (badness 10000) in paragraph at lines 553--559

 []


Underfull \hbox (badness 10000) in paragraph at lines 553--559

 []

[1]
Underfull \hbox (badness 10000) in paragraph at lines 568--589

 []


Underfull \hbox (badness 10000) in paragraph at lines 568--589

 []


Underfull \hbox (badness 10000) in paragraph at lines 568--589

 []


Underfull \hbox (badness 10000) in paragraph at lines 568--589

 []


Underfull \hbox (badness 10000) in paragraph at lines 568--589

 []


Underfull \hbox (badness 10000) in paragraph at lines 568--589

 []


Underfull \hbox (badness 10000) in paragraph at lines 568--589

 []


Underfull \hbox (badness 10000) in paragraph at lines 590--591

 []


Underfull \hbox (badness 10000) in paragraph at lines 592--611

 []


Underfull \hbox (badness 10000) in paragraph at lines 592--611

 []


Underfull \hbox (badness 10000) in paragraph at lines 592--611

 []


Underfull \hbox (badness 10000) in paragraph at lines 592--611

 []

[2]
Underfull \hbox (badness 10000) in paragraph at lines 612--618

 []


Underfull \hbox (badness 10000) in paragraph at lines 612--618

 []

[3]
Underfull \hbox (badness 10000) in paragraph at lines 632--699

 []


Underfull \hbox (badness 10000) in paragraph at lines 632--699

 []


Underfull \hbox (badness 10000) in paragraph at lines 632--699

 []


Underfull \hbox (badness 10000) in paragraph at lines 632--699

 []


Underfull \hbox (badness 10000) in paragraph at lines 632--699

 []


Underfull \hbox (badness 10000) in paragraph at lines 632--699

 []

[1] [2] (./ps3.aux) ) 
Here is how much of TeX's memory you used:
 1286 strings out of 493117
 14538 string characters out of 6135433
 73686 words of memory out of 5000000
 4765 multiletter control sequences out of 15000+600000
 12267 words of font info for 50 fonts, out of 8000000 for 9000
 1141 hyphenation exceptions out of 8191
 27i,8n,24p,844b,231s stack positions out of 5000i,500n,10000p,200000b,80000s
</usr/local/texlive/2014/texmf-dist/fonts/type1/public/ams
fonts/cm/cmbx10.pfb></usr/local/texlive/2014/texmf-dist/fonts/type1/public/amsf
onts/cm/cmbx12.pfb></usr/local/texlive/2014/texmf-dist/fonts/type1/public/amsfo
nts/cm/cmex10.pfb></usr/local/texlive/2014/texmf-dist/fonts/type1/public/amsfon
ts/cm/cmmi10.pfb></usr/local/texlive/2014/texmf-dist/fonts/type1/public/amsfont
s/cm/cmmi6.pfb></usr/local/texlive/2014/texmf-dist/fonts/type1/public/amsfonts/
cm/cmmi8.pfb></usr/local/texlive/2014/texmf-dist/fonts/type1/public/amsfonts/cm
/cmmi9.pfb></usr/local/texlive/2014/texmf-dist/fonts/type1/public/amsfonts/cm/c
mr10.pfb></usr/local/texlive/2014/texmf-dist/fonts/type1/public/amsfonts/cm/cmr
12.pfb></usr/local/texlive/2014/texmf-dist/fonts/type1/public/amsfonts/cm/cmr6.
pfb></usr/local/texlive/2014/texmf-dist/fonts/type1/public/amsfonts/cm/cmr8.pfb
></usr/local/texlive/2014/texmf-dist/fonts/type1/public/amsfonts/cm/cmr9.pfb></
usr/local/texlive/2014/texmf-dist/fonts/type1/public/amsfonts/cm/cmsy10.pfb></u
sr/local/texlive/2014/texmf-dist/fonts/type1/public/amsfonts/cm/cmsy8.pfb></usr
/local/texlive/2014/texmf-dist/fonts/type1/public/amsfonts/cm/cmsy9.pfb></usr/l
ocal/texlive/2014/texmf-dist/fonts/type1/public/amsfonts/cm/cmti10.pfb>
Output written on ps3.pdf (14 pages, 204682 bytes).
PDF statistics:
 114 PDF objects out of 1000 (max. 8388607)
 81 compressed objects within 1 object stream
 0 named destinations out of 1000 (max. 500000)
 1 words of extra memory for PDF output out of 10000 (max. 10000000)

