This is pdfTeX, Version 3.14159265-2.6-1.40.15 (TeX Live 2014) (preloaded format=pdflatex 2014.5.25)  3 OCT 2014 00:40
entering extended mode
 restricted \write18 enabled.
 file:line:error style messages enabled.
 %&-line parsing enabled.
**Untitled.tex
(./Untitled.tex
LaTeX2e <2014/05/01>
Babel <3.9k> and hyphenation patterns for 78 languages loaded.
./Untitled.tex:2: Undefined control sequence.
l.2 \ifnum\me
             =0
? 
./Untitled.tex:2: Emergency stop.
l.2 \ifnum\me
             =0
End of file on the terminal!

 
Here is how much of TeX's memory you used:
 5 strings out of 493117
 131 string characters out of 6135433
 52909 words of memory out of 5000000
 3568 multiletter control sequences out of 15000+600000
 3640 words of font info for 14 fonts, out of 8000000 for 9000
 1141 hyphenation exceptions out of 8191
 5i,0n,1p,26b,8s stack positions out of 5000i,500n,10000p,200000b,80000s
./Untitled.tex:2:  ==> Fatal error occurred, no output PDF file produced!
